<?xml version="1.0" encoding="UTF-8"?>
<!-- Generated by org.testng.reporters.JUnitReportReporter -->
<testsuite hostname="USO7LG744VZ1" name="example.NewTest" tests="1" failures="0" timestamp="17 Jan 2018 20:40:37 GMT" time="1.708" errors="0">
  <testcase name="testEasy" time="1.708" classname="example.NewTest"/>
</testsuite> <!-- example.NewTest -->
